[2025-01-22 08:15:01] PPP-Verbindung aufbauen...
[2025-01-22 08:15:11] Verbindung überprüfen...
[2025-01-22 08:15:12] PPP-Verbindung erfolgreich hergestellt.
[2025-01-22 08:15:12] IP-Adresse des Git-Servers :140.82.121.3
[2025-01-22 08:15:12] Route für das ganze Segment setzen...
[2025-01-22 08:15:12] Überprüfen, ob Geräte verfügbar sind...
[2025-01-22 08:15:12] Alle Geräte gefunden.
[2025-01-22 08:15:12] Zeitsynchronisation mit NTP-Server...
[2025-01-22 08:15:13] Foto aufnehmen...
[2025-01-22 08:15:14] Foto verkleinern...
[2025-01-22 08:15:14] Bild /home/fossl/Webcam/webcam.jpg erstellt.
[2025-01-22 08:15:15] HTML-Datei aktualisieren...
[2025-01-22 08:15:15] Änderungen committen...
[2025-01-22 08:15:15] Änderungen über PPP0 senden...
[2025-01-22 08:15:57] Upload erfolgreich.
[2025-01-22 08:15:57] Route für das ganze Segment löschen ...
[2025-01-22 08:15:57] PPP-Verbindung schließen...
[2025-01-22 08:15:57] Skript abgeschlossen.
[2025-01-22 08:16:04] Fehler aufgetreten: Upload fehlgeschlagen. Verbindung wird geschlossen.
[2025-01-22 08:16:04] PPP-Verbindung wird geschlossen...
[2025-01-22 08:16:04] Logfile wird hochgeladen...
